<?xml version="1.0" encoding="UTF-8"?>
<!-- Generated by org.testng.reporters.JUnitReportReporter -->
<testsuite skipped="0" hostname="Rasheduls-MacBook-Pro.local" name="runners.SmokeTestRunner" tests="2" failures="0" timestamp="2021-12-18T16:12:09 EST" time="0.120" errors="2">
  <testcase name="runScenario" time="0.110" classname="runners.SmokeTestRunner">
    <error type="io.cucumber.java.PendingException" message="TODO: implement me">
      <![CDATA[io.cucumber.java.PendingException: TODO: implement me
at steps.Ocean9GoogleSearch.i_am_on_google_home_page(Ocean9GoogleSearch.java:10)
at ✽.I am on google homePage(file:///Users/rashedulalam98/eclipse-workspace/Ocean9/features/Ocean9GoogleSearch.feature:5)
]]>
    </error>
  </testcase> <!-- runScenario -->
  <system-out/>
  <testcase name="runScenario" time="0.010" classname="runners.SmokeTestRunner">
    <error type="io.cucumber.java.PendingException" message="TODO: implement me">
      <![CDATA[io.cucumber.java.PendingException: TODO: implement me
at steps.Ocean9GoogleSearch.i_am_on_google_home_page(Ocean9GoogleSearch.java:10)
at ✽.I am on google homePage(file:///Users/rashedulalam98/eclipse-workspace/Ocean9/features/Ocean9GoogleSearch.feature:5)
]]>
    </error>
  </testcase> <!-- runScenario -->
  <system-out/>
</testsuite> <!-- runners.SmokeTestRunner -->
